13 [139786279074752] INFO perfrun.launcher <> - Launcher main begin
20 [139786279074752] INFO perfrun.launcher <> - MessageCatalogInit finished
20 [139786279074752] INFO perfrun.launcher <> - Launcher instance created
20 [139786279074752] INFO perfrun.launcher <> - argc = 6; cmdline = /vol/intel/oneapi/vtune/2021.5.0/bin64/amplxe-runss -dump-vdso -r /tmp/amplxe-tmp-zt520/amplxe-res-3847421-13443547622962578 --tmp-dir /tmp/amplxe-tmp-zt520 
83 [139786279074752] INFO perfrun.launcher <> - create msngr2::ICliToolContext
83 [139786279074752] INFO perfrun.launcher <> - create file finder object
103 [139786269828864] INFO perfrun.launcher <> - plugin [remoteplug] was disabled because it doesn't support the given collection type.
103 [139786269828864] INFO perfrun.launcher <> - plugin [system] was disabled because it doesn't support the given collection type.
103 [139786269828864] INFO perfrun.vdso <> - dumping [vdso] pseudomodule
103 [139786269828864] INFO perfrun.launcher <> - plugin [itt] was disabled because it doesn't support the given collection type.
104 [139786269828864] INFO perfrun.launcher <> - plugin [ptracecollector] was disabled because it doesn't support the given collection type.
104 [139786269828864] INFO perfrun.launcher <> - plugin [gpu] was disabled because it doesn't support the given collection type.
104 [139786269828864] INFO perfrun.launcher <> - plugin [] was disabled because it doesn't support the given collection type.
104 [139786269828864] INFO perfrun.launcher <> - plugin [] was disabled because it doesn't support the given collection type.
104 [139786269828864] INFO perfrun.launcher <> - plugin [] was disabled because it doesn't support the given collection type.
104 [139786269828864] INFO perfrun.launcher <> - plugin [mrte] was disabled because it doesn't support the given collection type.
104 [139786269828864] INFO perfrun.launcher <> - plugin [emon] was disabled because it doesn't support the given collection type.
104 [139786269828864] INFO perfrun.launcher <> - plugin [cuscol] was disabled because it doesn't support the given collection type.
104 [139786269828864] INFO perfrun.launcher <> - plugin [stdsrc] was disabled because it doesn't support the given collection type.
105 [139786269828864] INFO perfrun.launcher <> - plugin [sep] was disabled because it doesn't support the given collection type.
105 [139786269828864] INFO perfrun.launcher <> - plugin [vtsspp] was disabled because it doesn't support the given collection type.
105 [139786269828864] INFO perfrun.launcher <> - plugin [perf] was disabled because it doesn't support the given collection type.
106 [139786269828864] INFO perfrun.launcher <> - plugin [aoclprofile] was disabled because it doesn't support the given collection type.
106 [139786269828864] INFO perfrun.launcher <> - plugin [tpss] was disabled because it doesn't support the given collection type.
106 [139786269828864] INFO perfrun.launcher <> - plugin [exprof] was disabled because it doesn't support the given collection type.
107 [139786269828864] INFO perfrun.launcher <> - plugin [media] was disabled because it doesn't support the given collection type.
108 [139786269828864] INFO perfrun.launcher <> - plugin [] was disabled because it doesn't support the given collection type.
108 [139786269828864] INFO perfrun.launcher <> - plugin [] was disabled because it doesn't support the given collection type.
108 [139786269828864] INFO perfrun.launcher <> - plugin [parallelfs] was disabled because it doesn't support the given collection type.
108 [139786269828864] INFO perfrun.launcher <> - plugin [power] was disabled because it doesn't support the given collection type.
108 [139786269828864] INFO perfrun.launcher <> - plugin [hwloc] was disabled because it doesn't support the given collection type.
108 [139786269828864] INFO perfrun.launcher <> - plugin [ipmwatch] was disabled because it doesn't support the given collection type.
109 [139786269828864] INFO perfrun.launcher <> - plugin [os_counters] was disabled because it doesn't support the given collection type.
109 [139786279074752] INFO perfrun.launcher <> - Application exit code: 0
109 [139786279074752] INFO perfrun.launcher <> - Exit code: 0
